-------------------------------------------------------------------------------
Test set: airhacks.blogpad.metrics.boundary.MetricsResourceIT
-------------------------------------------------------------------------------
Tests run: 2, Failures: 1, Errors: 0, Skipped: 0, Time elapsed: 0.563 s <<< FAILURE! - in airhacks.blogpad.metrics.boundary.MetricsResourceIT
airhacks.blogpad.metrics.boundary.MetricsResourceIT.applicationMetrics  Time elapsed: 0.014 s  <<< FAILURE!
org.opentest4j.AssertionFailedError: expected: not <null>
	at airhacks.blogpad.metrics.boundary.MetricsResourceIT.applicationMetrics(MetricsResourceIT.java:42)

