<?xml version="1.0" encoding="UTF-8"?>
<testsuite xmlns:xsi="http://www.w3.org/2001/XMLSchema-instance" xsi:noNamespaceSchemaLocation="https://maven.apache.org/surefire/maven-failsafe-plugin/xsd/failsafe-test-report-3.0.xsd" version="3.0" name="airhacks.blogpad.posts.boundary.PostResourceIT" time="0.068" tests="2" errors="0" skipped="0" failures="0">
  <properties>
[...]
</properties>
  <testcase name="saveTitleWithInvalidFilename" classname="airhacks.blogpad.posts.boundary.PostResourceIT" time="0.031"/>
  <testcase name="createNew" classname="airhacks.blogpad.posts.boundary.PostResourceIT" time="0.035"/>
</testsuite>